2024-12-06 14:31:11,898 INFO o.a.j.u.JMeterUtils: Setting Locale to en_EN
2024-12-06 14:31:11,908 INFO o.a.j.JMeter: Loading user properties from: /Users/mathiaslanglet/Applications/apache-jmeter-5.6.3/bin/user.properties
2024-12-06 14:31:11,909 INFO o.a.j.JMeter: Loading system properties from: /Users/mathiaslanglet/Applications/apache-jmeter-5.6.3/bin/system.properties
2024-12-06 14:31:11,911 INFO o.a.j.JMeter: Copyright (c) 1998-2024 The Apache Software Foundation
2024-12-06 14:31:11,911 INFO o.a.j.JMeter: Version 5.6.3
2024-12-06 14:31:11,911 INFO o.a.j.JMeter: java.version=21.0.2
2024-12-06 14:31:11,911 INFO o.a.j.JMeter: java.vm.name=OpenJDK 64-Bit Server VM
2024-12-06 14:31:11,911 INFO o.a.j.JMeter: os.name=Mac OS X
2024-12-06 14:31:11,911 INFO o.a.j.JMeter: os.arch=aarch64
2024-12-06 14:31:11,911 INFO o.a.j.JMeter: os.version=15.1.1
2024-12-06 14:31:11,911 INFO o.a.j.JMeter: file.encoding=UTF-8
2024-12-06 14:31:11,911 INFO o.a.j.JMeter: java.awt.headless=true
2024-12-06 14:31:11,911 INFO o.a.j.JMeter: Max memory     =10737418240
2024-12-06 14:31:11,912 INFO o.a.j.JMeter: Available Processors =12
2024-12-06 14:31:11,916 INFO o.a.j.JMeter: Default Locale=English (EN)
2024-12-06 14:31:11,916 INFO o.a.j.JMeter: JMeter  Locale=English (EN)
2024-12-06 14:31:11,916 INFO o.a.j.JMeter: JMeterHome=/Users/mathiaslanglet/Applications/apache-jmeter-5.6.3
2024-12-06 14:31:11,916 INFO o.a.j.JMeter: user.dir  =/Users/mathiaslanglet/code/spring-streaming-poc
2024-12-06 14:31:11,916 INFO o.a.j.JMeter: PWD       =/Users/mathiaslanglet/code/spring-streaming-poc
2024-12-06 14:31:11,917 INFO o.a.j.JMeter: IP: 127.0.0.1 Name: Mathiass-MacBook-Pro.local FullName: localhost
2024-12-06 14:31:11,924 INFO o.a.j.JMeter: Setting property 'jmeter.reportgenerator.outputdir' to:'/Users/mathiaslanglet/code/spring-streaming-poc/results'
2024-12-06 14:31:11,924 ERROR o.a.j.JMeter: An error occurred: 
org.apache.jmeter.report.config.ConfigurationException: The file /Users/mathiaslanglet/code/spring-streaming-poc/Streaming_PDF.jmx doesn't exist or can't be opened
	at org.apache.jmeter.JMeter.runNonGui(JMeter.java:950) ~[ApacheJMeter_core.jar:5.6.3]
	at org.apache.jmeter.JMeter.startNonGui(JMeter.java:940) ~[ApacheJMeter_core.jar:5.6.3]
	at org.apache.jmeter.JMeter.start(JMeter.java:508) [ApacheJMeter_core.jar:5.6.3]
	at java.base/jdk.internal.reflect.DirectMethodHandleAccessor.invoke(DirectMethodHandleAccessor.java:103) ~[?:?]
	at java.base/java.lang.reflect.Method.invoke(Method.java:580) ~[?:?]
	at org.apache.jmeter.NewDriver.main(NewDriver.java:259) [ApacheJMeter.jar:5.6.3]
