2024-12-11 11:40:25,987 INFO o.a.j.u.JMeterUtils: Setting Locale to en_EN
2024-12-11 11:40:25,996 INFO o.a.j.JMeter: Loading user properties from: /Users/mathiaslanglet/Applications/apache-jmeter-5.6.3/bin/user.properties
2024-12-11 11:40:25,997 INFO o.a.j.JMeter: Loading system properties from: /Users/mathiaslanglet/Applications/apache-jmeter-5.6.3/bin/system.properties
2024-12-11 11:40:25,999 INFO o.a.j.JMeter: Copyright (c) 1998-2024 The Apache Software Foundation
2024-12-11 11:40:25,999 INFO o.a.j.JMeter: Version 5.6.3
2024-12-11 11:40:25,999 INFO o.a.j.JMeter: java.version=21.0.2
2024-12-11 11:40:25,999 INFO o.a.j.JMeter: java.vm.name=OpenJDK 64-Bit Server VM
2024-12-11 11:40:25,999 INFO o.a.j.JMeter: os.name=Mac OS X
2024-12-11 11:40:25,999 INFO o.a.j.JMeter: os.arch=aarch64
2024-12-11 11:40:25,999 INFO o.a.j.JMeter: os.version=15.1.1
2024-12-11 11:40:25,999 INFO o.a.j.JMeter: file.encoding=UTF-8
2024-12-11 11:40:25,999 INFO o.a.j.JMeter: java.awt.headless=true
2024-12-11 11:40:25,999 INFO o.a.j.JMeter: Max memory     =10737418240
2024-12-11 11:40:25,999 INFO o.a.j.JMeter: Available Processors =12
2024-12-11 11:40:26,003 INFO o.a.j.JMeter: Default Locale=English (EN)
2024-12-11 11:40:26,003 INFO o.a.j.JMeter: JMeter  Locale=English (EN)
2024-12-11 11:40:26,003 INFO o.a.j.JMeter: JMeterHome=/Users/mathiaslanglet/Applications/apache-jmeter-5.6.3
2024-12-11 11:40:26,003 INFO o.a.j.JMeter: user.dir  =/Users/mathiaslanglet/code/spring-streaming-poc/jmeter
2024-12-11 11:40:26,003 INFO o.a.j.JMeter: PWD       =/Users/mathiaslanglet/code/spring-streaming-poc/jmeter
2024-12-11 11:40:26,005 INFO o.a.j.JMeter: IP: 127.0.0.1 Name: Mathiass-MacBook-Pro.local FullName: localhost
2024-12-11 11:40:26,010 INFO o.a.j.JMeter: Setting property 'jmeter.reportgenerator.outputdir' to:'/Users/mathiaslanglet/code/spring-streaming-poc/jmeter/results'
2024-12-11 11:40:26,011 INFO o.a.j.s.FileServer: Default base='/Users/mathiaslanglet/code/spring-streaming-poc/jmeter'
2024-12-11 11:40:26,011 INFO o.a.j.s.FileServer: Set new base='/Users/mathiaslanglet/code/spring-streaming-poc/jmeter'
2024-12-11 11:40:26,079 INFO o.a.j.s.SaveService: Testplan (JMX) version: 2.2. Testlog (JTL) version: 2.2
2024-12-11 11:40:26,098 INFO o.a.j.s.SaveService: Using SaveService properties version 5.0
2024-12-11 11:40:26,099 INFO o.a.j.s.SaveService: Using SaveService properties file encoding UTF-8
2024-12-11 11:40:26,101 INFO o.a.j.s.SaveService: Loading file: Streaming_PDF.jmx
2024-12-11 11:40:26,128 INFO o.a.j.p.h.s.HTTPSamplerBase: Parser for text/html is org.apache.jmeter.protocol.http.parser.LagartoBasedHtmlParser
2024-12-11 11:40:26,128 INFO o.a.j.p.h.s.HTTPSamplerBase: Parser for application/xhtml+xml is org.apache.jmeter.protocol.http.parser.LagartoBasedHtmlParser
2024-12-11 11:40:26,128 INFO o.a.j.p.h.s.HTTPSamplerBase: Parser for application/xml is org.apache.jmeter.protocol.http.parser.LagartoBasedHtmlParser
2024-12-11 11:40:26,128 INFO o.a.j.p.h.s.HTTPSamplerBase: Parser for text/xml is org.apache.jmeter.protocol.http.parser.LagartoBasedHtmlParser
2024-12-11 11:40:26,128 INFO o.a.j.p.h.s.HTTPSamplerBase: Parser for text/vnd.wap.wml is org.apache.jmeter.protocol.http.parser.RegexpHTMLParser
2024-12-11 11:40:26,128 INFO o.a.j.p.h.s.HTTPSamplerBase: Parser for text/css is org.apache.jmeter.protocol.http.parser.CssParser
2024-12-11 11:40:26,133 INFO o.a.j.JMeter: Creating summariser <summary>
2024-12-11 11:40:26,139 INFO o.a.j.r.d.ReportGenerator: ReportGenerator will use for Parsing the separator: ','
2024-12-11 11:40:26,139 INFO o.a.j.r.d.ReportGenerator: Will generate report at end of test from  results file: results/result.jtl
2024-12-11 11:40:26,139 INFO o.a.j.r.d.ReportGenerator: Reading report generator properties from: /Users/mathiaslanglet/Applications/apache-jmeter-5.6.3/bin/reportgenerator.properties
2024-12-11 11:40:26,139 INFO o.a.j.r.d.ReportGenerator: Merging with JMeter properties
2024-12-11 11:40:26,141 INFO o.a.j.r.c.ReportGeneratorConfiguration: Property 'jmeter.reportgenerator.temp_dir' not found, using default value 'temp' instead.
2024-12-11 11:40:26,142 INFO o.a.j.r.c.ReportGeneratorConfiguration: Property 'jmeter.reportgenerator.apdex_per_transaction' not found, using default value 'null' instead.
2024-12-11 11:40:26,142 INFO o.a.j.r.c.ReportGeneratorConfiguration: apdex_per_transaction is empty, not APDEX per transaction customization
2024-12-11 11:40:26,142 INFO o.a.j.r.c.ReportGeneratorConfiguration: Property 'jmeter.reportgenerator.sample_filter' not found, using default value 'null' instead.
2024-12-11 11:40:26,142 INFO o.a.j.r.c.ReportGeneratorConfiguration: Property 'jmeter.reportgenerator.report_title' not found, using default value 'null' instead.
2024-12-11 11:40:26,142 INFO o.a.j.r.c.ReportGeneratorConfiguration: Property 'jmeter.reportgenerator.start_date' not found, using default value 'null' instead.
2024-12-11 11:40:26,142 INFO o.a.j.r.c.ReportGeneratorConfiguration: Property 'jmeter.reportgenerator.end_date' not found, using default value 'null' instead.
2024-12-11 11:40:26,142 INFO o.a.j.r.c.ReportGeneratorConfiguration: Property 'jmeter.reportgenerator.date_format' not found, using default value 'null' instead.
2024-12-11 11:40:26,143 INFO o.a.j.r.c.ReportGeneratorConfiguration: Will use date range start date: null, end date: null
2024-12-11 11:40:26,144 INFO o.a.j.r.c.ReportGeneratorConfiguration: Property 'jmeter.reportgenerator.graph.totalTPS.exclude_controllers' not found, using default value 'false' instead.
2024-12-11 11:40:26,144 INFO o.a.j.r.c.ReportGeneratorConfiguration: Property 'jmeter.reportgenerator.graph.activeThreadsOverTime.exclude_controllers' not found, using default value 'false' instead.
2024-12-11 11:40:26,144 INFO o.a.j.r.c.ReportGeneratorConfiguration: Property 'jmeter.reportgenerator.graph.timeVsThreads.exclude_controllers' not found, using default value 'false' instead.
2024-12-11 11:40:26,145 INFO o.a.j.r.c.ReportGeneratorConfiguration: Property 'jmeter.reportgenerator.graph.responseTimeDistribution.exclude_controllers' not found, using default value 'false' instead.
2024-12-11 11:40:26,145 INFO o.a.j.r.c.ReportGeneratorConfiguration: Property 'jmeter.reportgenerator.graph.transactionsPerSecond.exclude_controllers' not found, using default value 'false' instead.
2024-12-11 11:40:26,145 INFO o.a.j.r.c.ReportGeneratorConfiguration: Property 'jmeter.reportgenerator.graph.responseTimePercentiles.exclude_controllers' not found, using default value 'false' instead.
2024-12-11 11:40:26,145 INFO o.a.j.r.c.ReportGeneratorConfiguration: Property 'jmeter.reportgenerator.graph.responseTimePercentilesOverTime.exclude_controllers' not found, using default value 'false' instead.
2024-12-11 11:40:26,145 INFO o.a.j.r.c.ReportGeneratorConfiguration: Property 'jmeter.reportgenerator.graph.responseTimesOverTime.exclude_controllers' not found, using default value 'false' instead.
2024-12-11 11:40:26,145 INFO o.a.j.r.c.ReportGeneratorConfiguration: Property 'jmeter.reportgenerator.graph.connectTimeOverTime.exclude_controllers' not found, using default value 'false' instead.
2024-12-11 11:40:26,145 INFO o.a.j.r.c.ReportGeneratorConfiguration: Property 'jmeter.reportgenerator.graph.latenciesOverTime.exclude_controllers' not found, using default value 'false' instead.
2024-12-11 11:40:26,145 INFO o.a.j.r.c.ReportGeneratorConfiguration: Property 'jmeter.reportgenerator.exporter.json.filters_only_sample_series' not found, using default value 'true' instead.
2024-12-11 11:40:26,145 INFO o.a.j.r.c.ReportGeneratorConfiguration: Property 'jmeter.reportgenerator.exporter.json.series_filter' not found, using default value '' instead.
2024-12-11 11:40:26,145 INFO o.a.j.r.c.ReportGeneratorConfiguration: Property 'jmeter.reportgenerator.exporter.json.show_controllers_only' not found, using default value 'false' instead.
2024-12-11 11:40:26,145 INFO o.a.j.r.c.ReportGeneratorConfiguration: Property 'jmeter.reportgenerator.exporter.html.filters_only_sample_series' not found, using default value 'true' instead.
2024-12-11 11:40:26,146 INFO o.a.j.r.c.ReportGeneratorConfiguration: Property 'jmeter.reportgenerator.exporter.html.series_filter' not found, using default value '' instead.
2024-12-11 11:40:26,146 INFO o.a.j.r.c.ReportGeneratorConfiguration: Property 'jmeter.reportgenerator.exporter.html.show_controllers_only' not found, using default value 'false' instead.
2024-12-11 11:40:26,150 INFO o.a.j.e.StandardJMeterEngine: Running the test!
2024-12-11 11:40:26,151 INFO o.a.j.s.SampleEvent: List of sample_variables: []
2024-12-11 11:40:26,151 INFO o.a.j.s.SampleEvent: List of sample_variables: []
2024-12-11 11:40:26,152 INFO o.a.j.e.u.CompoundVariable: Note: Function class names must contain the string: '.functions.'
2024-12-11 11:40:26,152 INFO o.a.j.e.u.CompoundVariable: Note: Function class names must not contain the string: '.gui.'
2024-12-11 11:40:26,183 INFO o.a.j.JMeter: Running test (1733913626183)
2024-12-11 11:40:26,192 INFO o.a.j.e.StandardJMeterEngine: Starting ThreadGroup: 1 : Streaming PDF Netty
2024-12-11 11:40:26,192 INFO o.a.j.e.StandardJMeterEngine: Starting 3 threads for group Streaming PDF Netty.
2024-12-11 11:40:26,192 INFO o.a.j.e.StandardJMeterEngine: Thread will continue on error
2024-12-11 11:40:26,192 INFO o.a.j.t.ThreadGroup: Starting thread group... number=1 threads=3 ramp-up=1 delayedStart=false
2024-12-11 11:40:26,194 INFO o.a.j.t.ThreadGroup: Started thread group number 1
2024-12-11 11:40:26,194 INFO o.a.j.e.StandardJMeterEngine: Starting ThreadGroup: 2 : Blocking PDF Netty
2024-12-11 11:40:26,194 INFO o.a.j.e.StandardJMeterEngine: Starting 3 threads for group Blocking PDF Netty.
2024-12-11 11:40:26,194 INFO o.a.j.e.StandardJMeterEngine: Thread will continue on error
2024-12-11 11:40:26,194 INFO o.a.j.t.ThreadGroup: Starting thread group... number=2 threads=3 ramp-up=1 delayedStart=false
2024-12-11 11:40:26,195 INFO o.a.j.t.ThreadGroup: Started thread group number 2
2024-12-11 11:40:26,195 INFO o.a.j.e.StandardJMeterEngine: Starting ThreadGroup: 3 : Streaming PDF Tomcat
2024-12-11 11:40:26,195 INFO o.a.j.e.StandardJMeterEngine: Starting 3 threads for group Streaming PDF Tomcat.
2024-12-11 11:40:26,194 INFO o.a.j.t.JMeterThread: Thread started: Blocking PDF Netty 2-1
2024-12-11 11:40:26,194 INFO o.a.j.t.JMeterThread: Thread started: Streaming PDF Netty 1-1
2024-12-11 11:40:26,195 INFO o.a.j.e.StandardJMeterEngine: Thread will continue on error
2024-12-11 11:40:26,195 INFO o.a.j.t.ThreadGroup: Starting thread group... number=3 threads=3 ramp-up=1 delayedStart=false
2024-12-11 11:40:26,195 INFO o.a.j.t.JMeterThread: Thread started: Streaming PDF Tomcat 3-1
2024-12-11 11:40:26,195 INFO o.a.j.t.ThreadGroup: Started thread group number 3
2024-12-11 11:40:26,195 INFO o.a.j.e.StandardJMeterEngine: Starting ThreadGroup: 4 : Blocking PDF Tomcat
2024-12-11 11:40:26,195 INFO o.a.j.e.StandardJMeterEngine: Starting 3 threads for group Blocking PDF Tomcat.
2024-12-11 11:40:26,195 INFO o.a.j.e.StandardJMeterEngine: Thread will continue on error
2024-12-11 11:40:26,195 INFO o.a.j.t.ThreadGroup: Starting thread group... number=4 threads=3 ramp-up=1 delayedStart=false
2024-12-11 11:40:26,195 INFO o.a.j.t.JMeterThread: Thread started: Blocking PDF Tomcat 4-1
2024-12-11 11:40:26,196 INFO o.a.j.t.ThreadGroup: Started thread group number 4
2024-12-11 11:40:26,196 INFO o.a.j.e.StandardJMeterEngine: All thread groups have been started
2024-12-11 11:40:26,202 INFO o.a.j.p.h.s.HTTPHCAbstractImpl: Local host = Mathiass-MacBook-Pro.local
2024-12-11 11:40:26,204 INFO o.a.j.p.h.s.HTTPHC4Impl: HTTP request retry count = 0
2024-12-11 11:40:26,205 INFO o.a.j.s.SampleResult: Note: Sample TimeStamps are START times
2024-12-11 11:40:26,205 INFO o.a.j.s.SampleResult: sampleresult.default.encoding is set to UTF-8
2024-12-11 11:40:26,205 INFO o.a.j.s.SampleResult: sampleresult.useNanoTime=true
2024-12-11 11:40:26,205 INFO o.a.j.s.SampleResult: sampleresult.nanoThreadSleep=5000
2024-12-11 11:40:26,526 INFO o.a.j.t.JMeterThread: Thread started: Streaming PDF Netty 1-2
2024-12-11 11:40:26,530 INFO o.a.j.t.JMeterThread: Thread started: Blocking PDF Tomcat 4-2
2024-12-11 11:40:26,531 INFO o.a.j.t.JMeterThread: Thread started: Streaming PDF Tomcat 3-2
2024-12-11 11:40:26,532 INFO o.a.j.t.JMeterThread: Thread started: Blocking PDF Netty 2-2
2024-12-11 11:40:26,859 INFO o.a.j.t.JMeterThread: Thread started: Streaming PDF Netty 1-3
2024-12-11 11:40:26,862 INFO o.a.j.t.JMeterThread: Thread started: Blocking PDF Tomcat 4-3
2024-12-11 11:40:26,864 INFO o.a.j.t.JMeterThread: Thread started: Streaming PDF Tomcat 3-3
2024-12-11 11:40:26,865 INFO o.a.j.t.JMeterThread: Thread started: Blocking PDF Netty 2-3
2024-12-11 11:40:30,006 INFO o.a.j.r.Summariser: summary +     38 in 00:00:04 =    9.9/s Avg:   886 Min:   173 Max:  2398 Err:    10 (26.32%) Active: 12 Started: 12 Finished: 0
2024-12-11 11:40:56,211 INFO o.a.j.t.JMeterThread: Stopping because end time detected by thread: Blocking PDF Netty 2-2
2024-12-11 11:40:56,212 INFO o.a.j.t.JMeterThread: Thread finished: Blocking PDF Netty 2-2
2024-12-11 11:40:56,383 INFO o.a.j.t.JMeterThread: Stopping because end time detected by thread: Streaming PDF Tomcat 3-2
2024-12-11 11:40:56,383 INFO o.a.j.t.JMeterThread: Thread finished: Streaming PDF Tomcat 3-2
2024-12-11 11:40:56,392 INFO o.a.j.t.JMeterThread: Stopping because end time detected by thread: Streaming PDF Netty 1-2
2024-12-11 11:40:56,392 INFO o.a.j.t.JMeterThread: Thread finished: Streaming PDF Netty 1-2
2024-12-11 11:40:56,406 INFO o.a.j.t.JMeterThread: Stopping because end time detected by thread: Streaming PDF Tomcat 3-1
2024-12-11 11:40:56,407 INFO o.a.j.t.JMeterThread: Thread finished: Streaming PDF Tomcat 3-1
2024-12-11 11:40:56,424 INFO o.a.j.t.JMeterThread: Stopping because end time detected by thread: Streaming PDF Netty 1-3
2024-12-11 11:40:56,424 INFO o.a.j.t.JMeterThread: Thread finished: Streaming PDF Netty 1-3
2024-12-11 11:40:56,434 INFO o.a.j.t.JMeterThread: Stopping because end time detected by thread: Streaming PDF Netty 1-1
2024-12-11 11:40:56,435 INFO o.a.j.t.JMeterThread: Thread finished: Streaming PDF Netty 1-1
2024-12-11 11:40:56,445 INFO o.a.j.t.JMeterThread: Stopping because end time detected by thread: Streaming PDF Tomcat 3-3
2024-12-11 11:40:56,445 INFO o.a.j.t.JMeterThread: Thread finished: Streaming PDF Tomcat 3-3
2024-12-11 11:40:57,059 INFO o.a.j.t.JMeterThread: Stopping because end time detected by thread: Blocking PDF Tomcat 4-1
2024-12-11 11:40:57,059 INFO o.a.j.t.JMeterThread: Stopping because end time detected by thread: Blocking PDF Tomcat 4-2
2024-12-11 11:40:57,059 INFO o.a.j.t.JMeterThread: Thread finished: Blocking PDF Tomcat 4-1
2024-12-11 11:40:57,059 INFO o.a.j.t.JMeterThread: Thread finished: Blocking PDF Tomcat 4-2
2024-12-11 11:40:57,302 INFO o.a.j.t.JMeterThread: Stopping because end time detected by thread: Blocking PDF Netty 2-1
2024-12-11 11:40:57,302 INFO o.a.j.t.JMeterThread: Stopping because end time detected by thread: Blocking PDF Netty 2-3
2024-12-11 11:40:57,302 INFO o.a.j.t.JMeterThread: Thread finished: Blocking PDF Netty 2-3
2024-12-11 11:40:57,302 INFO o.a.j.t.JMeterThread: Thread finished: Blocking PDF Netty 2-1
2024-12-11 11:40:57,761 INFO o.a.j.t.JMeterThread: Stopping because end time detected by thread: Blocking PDF Tomcat 4-3
2024-12-11 11:40:57,761 INFO o.a.j.t.JMeterThread: Thread finished: Blocking PDF Tomcat 4-3
2024-12-11 11:40:57,761 INFO o.a.j.e.StandardJMeterEngine: Notifying test listeners of end of test
2024-12-11 11:40:57,763 INFO o.a.j.r.Summariser: summary +    324 in 00:00:28 =   11.7/s Avg:  1015 Min:   581 Max:  4813 Err:   107 (33.02%) Active: 0 Started: 12 Finished: 12
2024-12-11 11:40:57,764 INFO o.a.j.r.Summariser: summary =    362 in 00:00:32 =   11.5/s Avg:  1001 Min:   173 Max:  4813 Err:   117 (32.32%)
2024-12-11 11:40:57,764 INFO o.a.j.JMeter: Generating Dashboard
2024-12-11 11:40:57,764 INFO o.a.j.r.d.ReportGenerator: Flushing result collector before report Generation
2024-12-11 11:40:57,775 INFO o.a.j.r.p.NormalizerSampleConsumer: Using format, 'ms', to parse timeStamp field
2024-12-11 11:40:57,837 INFO o.a.j.r.p.AbstractSampleConsumer: class org.apache.jmeter.report.processor.AggregateConsumer#stopProducing(): beginDate produced 0 samples
2024-12-11 11:40:57,837 INFO o.a.j.r.p.AbstractSampleConsumer: class org.apache.jmeter.report.processor.AggregateConsumer#stopProducing(): endDate produced 0 samples
2024-12-11 11:40:57,838 INFO o.a.j.r.p.AbstractSampleConsumer: class org.apache.jmeter.report.processor.ApdexSummaryConsumer#stopProducing(): apdexSummary produced 0 samples
2024-12-11 11:40:57,838 INFO o.a.j.r.p.AbstractSampleConsumer: class org.apache.jmeter.report.processor.RequestsSummaryConsumer#stopProducing(): requestsSummary produced 0 samples
2024-12-11 11:40:57,840 INFO o.a.j.r.p.AbstractSampleConsumer: class org.apache.jmeter.report.processor.StatisticsSummaryConsumer#stopProducing(): statisticsSummary produced 0 samples
2024-12-11 11:40:57,841 INFO o.a.j.r.p.AbstractSampleConsumer: class org.apache.jmeter.report.processor.Top5ErrorsBySamplerConsumer#stopProducing(): top5ErrorsBySampler produced 0 samples
2024-12-11 11:40:57,841 INFO o.a.j.r.p.AbstractSampleConsumer: class org.apache.jmeter.report.processor.ErrorsSummaryConsumer#stopProducing(): errorsSummary produced 0 samples
2024-12-11 11:40:57,841 INFO o.a.j.r.p.AbstractSampleConsumer: class org.apache.jmeter.report.processor.graph.impl.HitsPerSecondGraphConsumer#stopProducing(): hitsPerSecond produced 0 samples
2024-12-11 11:40:57,851 INFO o.a.j.r.p.AbstractSampleConsumer: class org.apache.jmeter.report.processor.graph.impl.LatencyVSRequestGraphConsumer#stopProducing(): latencyVsRequest produced 0 samples
2024-12-11 11:40:57,851 INFO o.a.j.r.p.AbstractSampleConsumer: class org.apache.jmeter.report.processor.graph.impl.SyntheticResponseTimeDistributionGraphConsumer#stopProducing(): syntheticResponseTimeDistribution produced 0 samples
2024-12-11 11:40:57,851 INFO o.a.j.r.p.AbstractSampleConsumer: class org.apache.jmeter.report.processor.graph.impl.BytesThroughputGraphConsumer#stopProducing(): bytesThroughputOverTime produced 0 samples
2024-12-11 11:40:57,851 INFO o.a.j.r.p.AbstractSampleConsumer: class org.apache.jmeter.report.processor.graph.impl.CodesPerSecondGraphConsumer#stopProducing(): codesPerSecond produced 0 samples
2024-12-11 11:40:57,854 INFO o.a.j.r.p.AbstractSampleConsumer: class org.apache.jmeter.report.processor.graph.impl.ResponseTimeVSRequestGraphConsumer#stopProducing(): responseTimeVsRequest produced 0 samples
2024-12-11 11:40:57,854 INFO o.a.j.r.p.AbstractSampleConsumer: class org.apache.jmeter.report.processor.FilterConsumer#stopProducing(): startIntervalControlerFilter produced 2534 samples
2024-12-11 11:40:57,854 INFO o.a.j.r.p.AbstractSampleConsumer: class org.apache.jmeter.report.processor.graph.impl.TotalTPSGraphConsumer#stopProducing(): totalTPS produced 0 samples
2024-12-11 11:40:57,854 INFO o.a.j.r.p.AbstractSampleConsumer: class org.apache.jmeter.report.processor.graph.impl.ActiveThreadsGraphConsumer#stopProducing(): activeThreadsOverTime produced 0 samples
2024-12-11 11:40:57,854 INFO o.a.j.r.p.AbstractSampleConsumer: class org.apache.jmeter.report.processor.graph.impl.TimeVSThreadGraphConsumer#stopProducing(): timeVsThreads produced 0 samples
2024-12-11 11:40:57,854 INFO o.a.j.r.p.AbstractSampleConsumer: class org.apache.jmeter.report.processor.graph.impl.ResponseTimeDistributionGraphConsumer#stopProducing(): responseTimeDistribution produced 0 samples
2024-12-11 11:40:57,854 INFO o.a.j.r.p.AbstractSampleConsumer: class org.apache.jmeter.report.processor.graph.impl.TransactionsPerSecondGraphConsumer#stopProducing(): transactionsPerSecond produced 0 samples
2024-12-11 11:40:57,854 INFO o.a.j.r.p.AbstractSampleConsumer: class org.apache.jmeter.report.processor.graph.impl.ResponseTimePercentilesGraphConsumer#stopProducing(): responseTimePercentiles produced 0 samples
2024-12-11 11:40:57,855 INFO o.a.j.r.p.AbstractSampleConsumer: class org.apache.jmeter.report.processor.graph.impl.ResponseTimePercentilesOverTimeGraphConsumer#stopProducing(): responseTimePercentilesOverTime produced 0 samples
2024-12-11 11:40:57,856 INFO o.a.j.r.p.AbstractSampleConsumer: class org.apache.jmeter.report.processor.graph.impl.ResponseTimeOverTimeGraphConsumer#stopProducing(): responseTimesOverTime produced 0 samples
2024-12-11 11:40:57,856 INFO o.a.j.r.p.AbstractSampleConsumer: class org.apache.jmeter.report.processor.graph.impl.ConnectTimeOverTimeGraphConsumer#stopProducing(): connectTimeOverTime produced 0 samples
2024-12-11 11:40:57,856 INFO o.a.j.r.p.AbstractSampleConsumer: class org.apache.jmeter.report.processor.graph.impl.LatencyOverTimeGraphConsumer#stopProducing(): latenciesOverTime produced 0 samples
2024-12-11 11:40:57,856 INFO o.a.j.r.p.AbstractSampleConsumer: class org.apache.jmeter.report.processor.FilterConsumer#stopProducing(): nameFilter produced 5430 samples
2024-12-11 11:40:57,856 INFO o.a.j.r.p.AbstractSampleConsumer: class org.apache.jmeter.report.processor.FilterConsumer#stopProducing(): dateRangeFilter produced 1086 samples
2024-12-11 11:40:57,856 INFO o.a.j.r.p.AbstractSampleConsumer: class org.apache.jmeter.report.processor.NormalizerSampleConsumer#stopProducing(): normalizer produced 362 samples
2024-12-11 11:40:57,856 INFO o.a.j.r.p.CsvFileSampleSource: produce(): 362 samples produced in 69ms on channel 0
2024-12-11 11:40:57,856 INFO o.a.j.r.d.ReportGenerator: Exporting data using exporter:'json' of className:'org.apache.jmeter.report.dashboard.JsonExporter'
2024-12-11 11:40:57,894 INFO o.a.j.r.d.JsonExporter: Found data for consumer statisticsSummary in context
2024-12-11 11:40:57,894 INFO o.a.j.r.d.JsonExporter: Creating statistics for overall
2024-12-11 11:40:57,894 INFO o.a.j.r.d.JsonExporter: Creating statistics for other transactions
2024-12-11 11:40:57,894 INFO o.a.j.r.d.JsonExporter: Checking output folder
2024-12-11 11:40:57,895 INFO o.a.j.r.d.JsonExporter: Writing statistics JSON to /Users/mathiaslanglet/code/spring-streaming-poc/jmeter/results/statistics.json
2024-12-11 11:40:57,914 INFO o.a.j.r.d.ReportGenerator: Exporting data using exporter:'html' of className:'org.apache.jmeter.report.dashboard.HtmlTemplateExporter'
2024-12-11 11:40:57,915 INFO o.a.j.r.d.HtmlTemplateExporter: Will generate dashboard in folder: /Users/mathiaslanglet/code/spring-streaming-poc/jmeter/results
2024-12-11 11:40:57,965 INFO o.a.j.r.d.HtmlTemplateExporter: Report will be generated in: /Users/mathiaslanglet/code/spring-streaming-poc/jmeter/results, creating folder structure
2024-12-11 11:40:57,966 INFO o.a.j.r.d.TemplateVisitor: Copying folder from '/Users/mathiaslanglet/Applications/apache-jmeter-5.6.3/bin/report-template' to '/Users/mathiaslanglet/code/spring-streaming-poc/jmeter/results', got message: /Users/mathiaslanglet/code/spring-streaming-poc/jmeter/results, found non empty folder with following content [/Users/mathiaslanglet/code/spring-streaming-poc/jmeter/results/statistics.json, /Users/mathiaslanglet/code/spring-streaming-poc/jmeter/results/result.jtl], will be ignored
2024-12-11 11:40:58,099 INFO o.a.j.JMeter: Dashboard generated
